<?xml version="1.0" encoding="UTF-8"?>
<!-- Generated by org.testng.reporters.JUnitReportReporter -->
<testsuite hostname="MNCTVN05589" name="testcases.SearchProduct" tests="5" failures="0" timestamp="15 Sep 2020 15:32:45 GMT" time="126.994" errors="0">
  <testcase name="searchByKeyword" time="21.091" classname="testcases.SearchProduct"/>
  <testcase name="searchByClickPopulerSearch" time="24.347" classname="testcases.SearchProduct"/>
  <testcase name="searchByKeyword" time="21.906" classname="testcases.SearchProduct"/>
  <testcase name="searchByClickPopulerCatgory" time="33.092" classname="testcases.SearchProduct"/>
  <testcase name="searchByKeywordNotFound" time="26.558" classname="testcases.SearchProduct"/>
</testsuite> <!-- testcases.SearchProduct -->
