<?xml version="1.0" encoding="UTF-8"?>
<!-- Generated by org.testng.reporters.JUnitReportReporter -->
<testsuite hostname="MNCTVN05589" name="testcases.SearchProduct" tests="5" failures="0" timestamp="16 Sep 2020 02:03:30 GMT" time="126.590" errors="0">
  <testcase name="searchByClickPopulerSearch" time="23.758" classname="testcases.SearchProduct"/>
  <testcase name="searchByKeyword" time="23.122" classname="testcases.SearchProduct"/>
  <testcase name="searchByKeyword" time="25.319" classname="testcases.SearchProduct"/>
  <testcase name="searchByKeywordNotFound" time="21.511" classname="testcases.SearchProduct"/>
  <testcase name="searchByClickPopulerCatgory" time="32.880" classname="testcases.SearchProduct"/>
</testsuite> <!-- testcases.SearchProduct -->
